2016-05-06 6:36:53 - PHP Notice:  Undefined index: key in E:\Xampp\htdocs\ec\catalog\controller\api\login.php on line 11
2016-05-18 8:49:56 - PHP Warning:  mail(): Failed to connect to mailserver at &quot;localhost&quot; port 25, verify your &quot;SMTP&quot; and &quot;smtp_port&quot; setting in php.ini or use ini_set() in E:\Xampp\htdocs\ec\system\library\mail.php on line 158
2016-05-18 8:52:37 - PHP Warning:  mail(): Failed to connect to mailserver at &quot;localhost&quot; port 25, verify your &quot;SMTP&quot; and &quot;smtp_port&quot; setting in php.ini or use ini_set() in E:\Xampp\htdocs\ec\system\library\mail.php on line 158
2016-05-25 6:01:19 - PHP Notice:  Undefined index: USD in E:\Xampp\htdocs\ec\system\library\cart\currency.php on line 25
2016-05-25 6:01:19 - PHP Notice:  Undefined index: USD in E:\Xampp\htdocs\ec\system\library\cart\currency.php on line 26
2016-05-25 6:01:19 - PHP Notice:  Undefined index: USD in E:\Xampp\htdocs\ec\system\library\cart\currency.php on line 27
2016-05-25 6:01:19 - PHP Notice:  Undefined index: USD in E:\Xampp\htdocs\ec\system\library\cart\currency.php on line 30
2016-05-25 6:01:19 - PHP Notice:  Undefined index: USD in E:\Xampp\htdocs\ec\system\library\cart\currency.php on line 25
2016-05-25 6:01:19 - PHP Notice:  Undefined index: USD in E:\Xampp\htdocs\ec\system\library\cart\currency.php on line 26
2016-05-25 6:01:19 - PHP Notice:  Undefined index: USD in E:\Xampp\htdocs\ec\system\library\cart\currency.php on line 27
2016-05-25 6:01:19 - PHP Notice:  Undefined index: USD in E:\Xampp\htdocs\ec\system\library\cart\currency.php on line 30
2016-05-25 6:01:19 - PHP Notice:  Undefined index: USD in E:\Xampp\htdocs\ec\system\library\cart\currency.php on line 25
2016-05-25 6:01:19 - PHP Notice:  Undefined index: USD in E:\Xampp\htdocs\ec\system\library\cart\currency.php on line 26
2016-05-25 6:01:19 - PHP Notice:  Undefined index: USD in E:\Xampp\htdocs\ec\system\library\cart\currency.php on line 27
2016-05-25 6:01:19 - PHP Notice:  Undefined index: USD in E:\Xampp\htdocs\ec\system\library\cart\currency.php on line 30
2016-05-25 6:03:46 - PHP Notice:  Undefined index: USD in E:\Xampp\htdocs\ec\system\library\cart\currency.php on line 25
2016-05-25 6:03:46 - PHP Notice:  Undefined index: USD in E:\Xampp\htdocs\ec\system\library\cart\currency.php on line 26
2016-05-25 6:03:46 - PHP Notice:  Undefined index: USD in E:\Xampp\htdocs\ec\system\library\cart\currency.php on line 27
2016-05-25 6:03:46 - PHP Notice:  Undefined index: USD in E:\Xampp\htdocs\ec\system\library\cart\currency.php on line 30
2016-05-25 6:03:46 - PHP Notice:  Undefined index: USD in E:\Xampp\htdocs\ec\system\library\cart\currency.php on line 25
2016-05-25 6:03:46 - PHP Notice:  Undefined index: USD in E:\Xampp\htdocs\ec\system\library\cart\currency.php on line 26
2016-05-25 6:03:46 - PHP Notice:  Undefined index: USD in E:\Xampp\htdocs\ec\system\library\cart\currency.php on line 27
2016-05-25 6:03:46 - PHP Notice:  Undefined index: USD in E:\Xampp\htdocs\ec\system\library\cart\currency.php on line 30
2016-05-25 6:03:46 - PHP Notice:  Undefined index: USD in E:\Xampp\htdocs\ec\system\library\cart\currency.php on line 25
2016-05-25 6:03:46 - PHP Notice:  Undefined index: USD in E:\Xampp\htdocs\ec\system\library\cart\currency.php on line 26
2016-05-25 6:03:46 - PHP Notice:  Undefined index: USD in E:\Xampp\htdocs\ec\system\library\cart\currency.php on line 27
2016-05-25 6:03:46 - PHP Notice:  Undefined index: USD in E:\Xampp\htdocs\ec\system\library\cart\currency.php on line 30
2016-05-25 6:03:46 - PHP Notice:  Undefined index: USD in E:\Xampp\htdocs\ec\system\library\cart\currency.php on line 25
2016-05-25 6:03:46 - PHP Notice:  Undefined index: USD in E:\Xampp\htdocs\ec\system\library\cart\currency.php on line 26
2016-05-25 6:03:46 - PHP Notice:  Undefined index: USD in E:\Xampp\htdocs\ec\system\library\cart\currency.php on line 27
2016-05-25 6:03:46 - PHP Notice:  Undefined index: USD in E:\Xampp\htdocs\ec\system\library\cart\currency.php on line 30
2016-05-25 6:03:46 - PHP Notice:  Undefined index: USD in E:\Xampp\htdocs\ec\system\library\cart\currency.php on line 25
2016-05-25 6:03:46 - PHP Notice:  Undefined index: USD in E:\Xampp\htdocs\ec\system\library\cart\currency.php on line 26
2016-05-25 6:03:46 - PHP Notice:  Undefined index: USD in E:\Xampp\htdocs\ec\system\library\cart\currency.php on line 27
2016-05-25 6:03:46 - PHP Notice:  Undefined index: USD in E:\Xampp\htdocs\ec\system\library\cart\currency.php on line 30
2016-05-25 6:03:46 - PHP Notice:  Undefined index: USD in E:\Xampp\htdocs\ec\system\library\cart\currency.php on line 25
2016-05-25 6:03:46 - PHP Notice:  Undefined index: USD in E:\Xampp\htdocs\ec\system\library\cart\currency.php on line 26
2016-05-25 6:03:46 - PHP Notice:  Undefined index: USD in E:\Xampp\htdocs\ec\system\library\cart\currency.php on line 27
2016-05-25 6:03:46 - PHP Notice:  Undefined index: USD in E:\Xampp\htdocs\ec\system\library\cart\currency.php on line 30
2016-05-25 6:03:46 - PHP Notice:  Undefined index: USD in E:\Xampp\htdocs\ec\system\library\cart\currency.php on line 25
2016-05-25 6:03:46 - PHP Notice:  Undefined index: USD in E:\Xampp\htdocs\ec\system\library\cart\currency.php on line 26
2016-05-25 6:03:46 - PHP Notice:  Undefined index: USD in E:\Xampp\htdocs\ec\system\library\cart\currency.php on line 27
2016-05-25 6:03:46 - PHP Notice:  Undefined index: USD in E:\Xampp\htdocs\ec\system\library\cart\currency.php on line 30
2016-05-25 6:03:46 - PHP Notice:  Undefined index: USD in E:\Xampp\htdocs\ec\system\library\cart\currency.php on line 25
2016-05-25 6:03:46 - PHP Notice:  Undefined index: USD in E:\Xampp\htdocs\ec\system\library\cart\currency.php on line 26
2016-05-25 6:03:46 - PHP Notice:  Undefined index: USD in E:\Xampp\htdocs\ec\system\library\cart\currency.php on line 27
2016-05-25 6:03:46 - PHP Notice:  Undefined index: USD in E:\Xampp\htdocs\ec\system\library\cart\currency.php on line 30
2016-05-25 6:03:46 - PHP Notice:  Undefined index: USD in E:\Xampp\htdocs\ec\system\library\cart\currency.php on line 25
2016-05-25 6:03:46 - PHP Notice:  Undefined index: USD in E:\Xampp\htdocs\ec\system\library\cart\currency.php on line 26
2016-05-25 6:03:46 - PHP Notice:  Undefined index: USD in E:\Xampp\htdocs\ec\system\library\cart\currency.php on line 27
2016-05-25 6:03:46 - PHP Notice:  Undefined index: USD in E:\Xampp\htdocs\ec\system\library\cart\currency.php on line 30
2016-05-25 6:03:46 - PHP Notice:  Undefined index: USD in E:\Xampp\htdocs\ec\system\library\cart\currency.php on line 25
2016-05-25 6:03:46 - PHP Notice:  Undefined index: USD in E:\Xampp\htdocs\ec\system\library\cart\currency.php on line 26
2016-05-25 6:03:46 - PHP Notice:  Undefined index: USD in E:\Xampp\htdocs\ec\system\library\cart\currency.php on line 27
2016-05-25 6:03:46 - PHP Notice:  Undefined index: USD in E:\Xampp\htdocs\ec\system\library\cart\currency.php on line 30
2016-05-25 6:03:46 - PHP Notice:  Undefined index: USD in E:\Xampp\htdocs\ec\system\library\cart\currency.php on line 25
2016-05-25 6:03:46 - PHP Notice:  Undefined index: USD in E:\Xampp\htdocs\ec\system\library\cart\currency.php on line 26
2016-05-25 6:03:46 - PHP Notice:  Undefined index: USD in E:\Xampp\htdocs\ec\system\library\cart\currency.php on line 27
2016-05-25 6:03:46 - PHP Notice:  Undefined index: USD in E:\Xampp\htdocs\ec\system\library\cart\currency.php on line 30
2016-05-25 6:03:46 - PHP Notice:  Undefined index: USD in E:\Xampp\htdocs\ec\system\library\cart\currency.php on line 25
2016-05-25 6:03:46 - PHP Notice:  Undefined index: USD in E:\Xampp\htdocs\ec\system\library\cart\currency.php on line 26
2016-05-25 6:03:46 - PHP Notice:  Undefined index: USD in E:\Xampp\htdocs\ec\system\library\cart\currency.php on line 27
2016-05-25 6:03:46 - PHP Notice:  Undefined index: USD in E:\Xampp\htdocs\ec\system\library\cart\currency.php on line 30
2016-05-25 6:03:46 - PHP Notice:  Undefined index: USD in E:\Xampp\htdocs\ec\system\library\cart\currency.php on line 25
2016-05-25 6:03:46 - PHP Notice:  Undefined index: USD in E:\Xampp\htdocs\ec\system\library\cart\currency.php on line 26
2016-05-25 6:03:46 - PHP Notice:  Undefined index: USD in E:\Xampp\htdocs\ec\system\library\cart\currency.php on line 27
2016-05-25 6:03:46 - PHP Notice:  Undefined index: USD in E:\Xampp\htdocs\ec\system\library\cart\currency.php on line 30
2016-05-25 6:06:17 - PHP Notice:  Undefined index: USD in E:\Xampp\htdocs\ec\system\library\cart\currency.php on line 25
2016-05-25 6:06:17 - PHP Notice:  Undefined index: USD in E:\Xampp\htdocs\ec\system\library\cart\currency.php on line 26
2016-05-25 6:06:17 - PHP Notice:  Undefined index: USD in E:\Xampp\htdocs\ec\system\library\cart\currency.php on line 27
2016-05-25 6:06:17 - PHP Notice:  Undefined index: USD in E:\Xampp\htdocs\ec\system\library\cart\currency.php on line 30
2016-05-25 6:06:17 - PHP Notice:  Undefined index: USD in E:\Xampp\htdocs\ec\system\library\cart\currency.php on line 25
2016-05-25 6:06:17 - PHP Notice:  Undefined index: USD in E:\Xampp\htdocs\ec\system\library\cart\currency.php on line 26
2016-05-25 6:06:17 - PHP Notice:  Undefined index: USD in E:\Xampp\htdocs\ec\system\library\cart\currency.php on line 27
2016-05-25 6:06:17 - PHP Notice:  Undefined index: USD in E:\Xampp\htdocs\ec\system\library\cart\currency.php on line 30
2016-05-25 6:06:17 - PHP Notice:  Undefined index: USD in E:\Xampp\htdocs\ec\system\library\cart\currency.php on line 25
2016-05-25 6:06:17 - PHP Notice:  Undefined index: USD in E:\Xampp\htdocs\ec\system\library\cart\currency.php on line 26
2016-05-25 6:06:17 - PHP Notice:  Undefined index: USD in E:\Xampp\htdocs\ec\system\library\cart\currency.php on line 27
2016-05-25 6:06:17 - PHP Notice:  Undefined index: USD in E:\Xampp\htdocs\ec\system\library\cart\currency.php on line 30
2016-05-25 6:06:17 - PHP Notice:  Undefined index: USD in E:\Xampp\htdocs\ec\system\library\cart\currency.php on line 25
2016-05-25 6:06:17 - PHP Notice:  Undefined index: USD in E:\Xampp\htdocs\ec\system\library\cart\currency.php on line 26
2016-05-25 6:06:17 - PHP Notice:  Undefined index: USD in E:\Xampp\htdocs\ec\system\library\cart\currency.php on line 27
2016-05-25 6:06:17 - PHP Notice:  Undefined index: USD in E:\Xampp\htdocs\ec\system\library\cart\currency.php on line 30
2016-05-25 6:06:17 - PHP Notice:  Undefined index: USD in E:\Xampp\htdocs\ec\system\library\cart\currency.php on line 25
2016-05-25 6:06:17 - PHP Notice:  Undefined index: USD in E:\Xampp\htdocs\ec\system\library\cart\currency.php on line 26
2016-05-25 6:06:17 - PHP Notice:  Undefined index: USD in E:\Xampp\htdocs\ec\system\library\cart\currency.php on line 27
2016-05-25 6:06:17 - PHP Notice:  Undefined index: USD in E:\Xampp\htdocs\ec\system\library\cart\currency.php on line 30
2016-05-25 6:06:17 - PHP Notice:  Undefined index: USD in E:\Xampp\htdocs\ec\system\library\cart\currency.php on line 25
2016-05-25 6:06:17 - PHP Notice:  Undefined index: USD in E:\Xampp\htdocs\ec\system\library\cart\currency.php on line 26
2016-05-25 6:06:17 - PHP Notice:  Undefined index: USD in E:\Xampp\htdocs\ec\system\library\cart\currency.php on line 27
2016-05-25 6:06:17 - PHP Notice:  Undefined index: USD in E:\Xampp\htdocs\ec\system\library\cart\currency.php on line 30
2016-05-25 6:06:17 - PHP Notice:  Undefined index: USD in E:\Xampp\htdocs\ec\system\library\cart\currency.php on line 25
2016-05-25 6:06:17 - PHP Notice:  Undefined index: USD in E:\Xampp\htdocs\ec\system\library\cart\currency.php on line 26
2016-05-25 6:06:17 - PHP Notice:  Undefined index: USD in E:\Xampp\htdocs\ec\system\library\cart\currency.php on line 27
2016-05-25 6:06:17 - PHP Notice:  Undefined index: USD in E:\Xampp\htdocs\ec\system\library\cart\currency.php on line 30
2016-05-25 6:06:17 - PHP Notice:  Undefined index: USD in E:\Xampp\htdocs\ec\system\library\cart\currency.php on line 25
2016-05-25 6:06:17 - PHP Notice:  Undefined index: USD in E:\Xampp\htdocs\ec\system\library\cart\currency.php on line 26
2016-05-25 6:06:17 - PHP Notice:  Undefined index: USD in E:\Xampp\htdocs\ec\system\library\cart\currency.php on line 27
2016-05-25 6:06:17 - PHP Notice:  Undefined index: USD in E:\Xampp\htdocs\ec\system\library\cart\currency.php on line 30
2016-05-25 6:06:17 - PHP Notice:  Undefined index: USD in E:\Xampp\htdocs\ec\system\library\cart\currency.php on line 25
2016-05-25 6:06:17 - PHP Notice:  Undefined index: USD in E:\Xampp\htdocs\ec\system\library\cart\currency.php on line 26
2016-05-25 6:06:17 - PHP Notice:  Undefined index: USD in E:\Xampp\htdocs\ec\system\library\cart\currency.php on line 27
2016-05-25 6:06:17 - PHP Notice:  Undefined index: USD in E:\Xampp\htdocs\ec\system\library\cart\currency.php on line 30
2016-05-25 6:06:17 - PHP Notice:  Undefined index: USD in E:\Xampp\htdocs\ec\system\library\cart\currency.php on line 25
2016-05-25 6:06:17 - PHP Notice:  Undefined index: USD in E:\Xampp\htdocs\ec\system\library\cart\currency.php on line 26
2016-05-25 6:06:17 - PHP Notice:  Undefined index: USD in E:\Xampp\htdocs\ec\system\library\cart\currency.php on line 27
2016-05-25 6:06:17 - PHP Notice:  Undefined index: USD in E:\Xampp\htdocs\ec\system\library\cart\currency.php on line 30
2016-05-25 6:06:17 - PHP Notice:  Undefined index: USD in E:\Xampp\htdocs\ec\system\library\cart\currency.php on line 25
2016-05-25 6:06:17 - PHP Notice:  Undefined index: USD in E:\Xampp\htdocs\ec\system\library\cart\currency.php on line 26
2016-05-25 6:06:17 - PHP Notice:  Undefined index: USD in E:\Xampp\htdocs\ec\system\library\cart\currency.php on line 27
2016-05-25 6:06:17 - PHP Notice:  Undefined index: USD in E:\Xampp\htdocs\ec\system\library\cart\currency.php on line 30
2016-05-25 6:06:17 - PHP Notice:  Undefined index: USD in E:\Xampp\htdocs\ec\system\library\cart\currency.php on line 25
2016-05-25 6:06:17 - PHP Notice:  Undefined index: USD in E:\Xampp\htdocs\ec\system\library\cart\currency.php on line 26
2016-05-25 6:06:17 - PHP Notice:  Undefined index: USD in E:\Xampp\htdocs\ec\system\library\cart\currency.php on line 27
2016-05-25 6:06:17 - PHP Notice:  Undefined index: USD in E:\Xampp\htdocs\ec\system\library\cart\currency.php on line 30
2016-05-25 6:06:17 - PHP Notice:  Undefined index: USD in E:\Xampp\htdocs\ec\system\library\cart\currency.php on line 25
2016-05-25 6:06:17 - PHP Notice:  Undefined index: USD in E:\Xampp\htdocs\ec\system\library\cart\currency.php on line 26
2016-05-25 6:06:17 - PHP Notice:  Undefined index: USD in E:\Xampp\htdocs\ec\system\library\cart\currency.php on line 27
2016-05-25 6:06:17 - PHP Notice:  Undefined index: USD in E:\Xampp\htdocs\ec\system\library\cart\currency.php on line 30
2016-05-25 6:07:24 - PHP Notice:  Undefined index: USD in E:\Xampp\htdocs\ec\system\library\cart\currency.php on line 26
2016-05-25 6:07:24 - PHP Notice:  Undefined index: USD in E:\Xampp\htdocs\ec\system\library\cart\currency.php on line 27
2016-05-25 6:07:24 - PHP Notice:  Undefined index: USD in E:\Xampp\htdocs\ec\system\library\cart\currency.php on line 30
2016-05-25 6:07:24 - PHP Notice:  Undefined variable: symbol_left in E:\Xampp\htdocs\ec\system\library\cart\currency.php on line 43
2016-05-25 6:07:24 - PHP Notice:  Undefined index: USD in E:\Xampp\htdocs\ec\system\library\cart\currency.php on line 26
2016-05-25 6:07:24 - PHP Notice:  Undefined index: USD in E:\Xampp\htdocs\ec\system\library\cart\currency.php on line 27
2016-05-25 6:07:24 - PHP Notice:  Undefined index: USD in E:\Xampp\htdocs\ec\system\library\cart\currency.php on line 30
2016-05-25 6:07:24 - PHP Notice:  Undefined variable: symbol_left in E:\Xampp\htdocs\ec\system\library\cart\currency.php on line 43
2016-05-25 6:07:24 - PHP Notice:  Undefined index: USD in E:\Xampp\htdocs\ec\system\library\cart\currency.php on line 26
2016-05-25 6:07:24 - PHP Notice:  Undefined index: USD in E:\Xampp\htdocs\ec\system\library\cart\currency.php on line 27
2016-05-25 6:07:24 - PHP Notice:  Undefined index: USD in E:\Xampp\htdocs\ec\system\library\cart\currency.php on line 30
2016-05-25 6:07:24 - PHP Notice:  Undefined variable: symbol_left in E:\Xampp\htdocs\ec\system\library\cart\currency.php on line 43
2016-05-25 6:07:24 - PHP Notice:  Undefined index: USD in E:\Xampp\htdocs\ec\system\library\cart\currency.php on line 26
2016-05-25 6:07:24 - PHP Notice:  Undefined index: USD in E:\Xampp\htdocs\ec\system\library\cart\currency.php on line 27
2016-05-25 6:07:24 - PHP Notice:  Undefined index: USD in E:\Xampp\htdocs\ec\system\library\cart\currency.php on line 30
2016-05-25 6:07:24 - PHP Notice:  Undefined variable: symbol_left in E:\Xampp\htdocs\ec\system\library\cart\currency.php on line 43
2016-05-25 6:07:24 - PHP Notice:  Undefined index: USD in E:\Xampp\htdocs\ec\system\library\cart\currency.php on line 26
2016-05-25 6:07:24 - PHP Notice:  Undefined index: USD in E:\Xampp\htdocs\ec\system\library\cart\currency.php on line 27
2016-05-25 6:07:24 - PHP Notice:  Undefined index: USD in E:\Xampp\htdocs\ec\system\library\cart\currency.php on line 30
2016-05-25 6:07:24 - PHP Notice:  Undefined variable: symbol_left in E:\Xampp\htdocs\ec\system\library\cart\currency.php on line 43
2016-05-25 6:07:24 - PHP Notice:  Undefined index: USD in E:\Xampp\htdocs\ec\system\library\cart\currency.php on line 26
2016-05-25 6:07:24 - PHP Notice:  Undefined index: USD in E:\Xampp\htdocs\ec\system\library\cart\currency.php on line 27
2016-05-25 6:07:24 - PHP Notice:  Undefined index: USD in E:\Xampp\htdocs\ec\system\library\cart\currency.php on line 30
2016-05-25 6:07:24 - PHP Notice:  Undefined variable: symbol_left in E:\Xampp\htdocs\ec\system\library\cart\currency.php on line 43
2016-05-25 6:07:24 - PHP Notice:  Undefined index: USD in E:\Xampp\htdocs\ec\system\library\cart\currency.php on line 26
2016-05-25 6:07:24 - PHP Notice:  Undefined index: USD in E:\Xampp\htdocs\ec\system\library\cart\currency.php on line 27
2016-05-25 6:07:24 - PHP Notice:  Undefined index: USD in E:\Xampp\htdocs\ec\system\library\cart\currency.php on line 30
2016-05-25 6:07:24 - PHP Notice:  Undefined variable: symbol_left in E:\Xampp\htdocs\ec\system\library\cart\currency.php on line 43
2016-05-25 6:07:24 - PHP Notice:  Undefined index: USD in E:\Xampp\htdocs\ec\system\library\cart\currency.php on line 26
2016-05-25 6:07:24 - PHP Notice:  Undefined index: USD in E:\Xampp\htdocs\ec\system\library\cart\currency.php on line 27
2016-05-25 6:07:24 - PHP Notice:  Undefined index: USD in E:\Xampp\htdocs\ec\system\library\cart\currency.php on line 30
2016-05-25 6:07:24 - PHP Notice:  Undefined variable: symbol_left in E:\Xampp\htdocs\ec\system\library\cart\currency.php on line 43
2016-05-25 6:07:24 - PHP Notice:  Undefined index: USD in E:\Xampp\htdocs\ec\system\library\cart\currency.php on line 26
2016-05-25 6:07:24 - PHP Notice:  Undefined index: USD in E:\Xampp\htdocs\ec\system\library\cart\currency.php on line 27
2016-05-25 6:07:24 - PHP Notice:  Undefined index: USD in E:\Xampp\htdocs\ec\system\library\cart\currency.php on line 30
2016-05-25 6:07:24 - PHP Notice:  Undefined variable: symbol_left in E:\Xampp\htdocs\ec\system\library\cart\currency.php on line 43
2016-05-25 6:07:24 - PHP Notice:  Undefined index: USD in E:\Xampp\htdocs\ec\system\library\cart\currency.php on line 26
2016-05-25 6:07:24 - PHP Notice:  Undefined index: USD in E:\Xampp\htdocs\ec\system\library\cart\currency.php on line 27
2016-05-25 6:07:24 - PHP Notice:  Undefined index: USD in E:\Xampp\htdocs\ec\system\library\cart\currency.php on line 30
2016-05-25 6:07:24 - PHP Notice:  Undefined variable: symbol_left in E:\Xampp\htdocs\ec\system\library\cart\currency.php on line 43
2016-05-25 6:07:24 - PHP Notice:  Undefined index: USD in E:\Xampp\htdocs\ec\system\library\cart\currency.php on line 26
2016-05-25 6:07:24 - PHP Notice:  Undefined index: USD in E:\Xampp\htdocs\ec\system\library\cart\currency.php on line 27
2016-05-25 6:07:24 - PHP Notice:  Undefined index: USD in E:\Xampp\htdocs\ec\system\library\cart\currency.php on line 30
2016-05-25 6:07:24 - PHP Notice:  Undefined variable: symbol_left in E:\Xampp\htdocs\ec\system\library\cart\currency.php on line 43
2016-05-25 6:07:24 - PHP Notice:  Undefined index: USD in E:\Xampp\htdocs\ec\system\library\cart\currency.php on line 26
2016-05-25 6:07:24 - PHP Notice:  Undefined index: USD in E:\Xampp\htdocs\ec\system\library\cart\currency.php on line 27
2016-05-25 6:07:24 - PHP Notice:  Undefined index: USD in E:\Xampp\htdocs\ec\system\library\cart\currency.php on line 30
2016-05-25 6:07:24 - PHP Notice:  Undefined variable: symbol_left in E:\Xampp\htdocs\ec\system\library\cart\currency.php on line 43
2016-05-25 6:07:24 - PHP Notice:  Undefined index: USD in E:\Xampp\htdocs\ec\system\library\cart\currency.php on line 26
2016-05-25 6:07:24 - PHP Notice:  Undefined index: USD in E:\Xampp\htdocs\ec\system\library\cart\currency.php on line 27
2016-05-25 6:07:24 - PHP Notice:  Undefined index: USD in E:\Xampp\htdocs\ec\system\library\cart\currency.php on line 30
2016-05-25 6:07:24 - PHP Notice:  Undefined variable: symbol_left in E:\Xampp\htdocs\ec\system\library\cart\currency.php on line 43
2016-05-25 13:11:53 - PHP Notice:  Use of undefined constant data - assumed 'data' in E:\Xampp\htdocs\ec\catalog\controller\common\column_right.php on line 58
2016-05-25 13:11:53 - PHP Warning:  Illegal string offset 'modules' in E:\Xampp\htdocs\ec\catalog\controller\common\column_right.php on line 58
2016-05-26 3:57:16 - PHP Notice:  Undefined index: VND in E:\Xampp\htdocs\ec\system\library\cart\currency.php on line 25
2016-05-26 3:57:16 - PHP Notice:  Undefined index: VND in E:\Xampp\htdocs\ec\system\library\cart\currency.php on line 26
2016-05-26 3:57:16 - PHP Notice:  Undefined index: VND in E:\Xampp\htdocs\ec\system\library\cart\currency.php on line 27
2016-05-26 3:57:16 - PHP Notice:  Undefined index: VND in E:\Xampp\htdocs\ec\system\library\cart\currency.php on line 30
2016-05-26 3:57:16 - PHP Notice:  Undefined index: VND in E:\Xampp\htdocs\ec\system\library\cart\currency.php on line 25
2016-05-26 3:57:16 - PHP Notice:  Undefined index: VND in E:\Xampp\htdocs\ec\system\library\cart\currency.php on line 26
2016-05-26 3:57:16 - PHP Notice:  Undefined index: VND in E:\Xampp\htdocs\ec\system\library\cart\currency.php on line 27
2016-05-26 3:57:16 - PHP Notice:  Undefined index: VND in E:\Xampp\htdocs\ec\system\library\cart\currency.php on line 30
2016-05-26 3:57:16 - PHP Notice:  Undefined index: VND in E:\Xampp\htdocs\ec\system\library\cart\currency.php on line 25
2016-05-26 3:57:16 - PHP Notice:  Undefined index: VND in E:\Xampp\htdocs\ec\system\library\cart\currency.php on line 26
2016-05-26 3:57:16 - PHP Notice:  Undefined index: VND in E:\Xampp\htdocs\ec\system\library\cart\currency.php on line 27
2016-05-26 3:57:16 - PHP Notice:  Undefined index: VND in E:\Xampp\htdocs\ec\system\library\cart\currency.php on line 30
2016-05-26 3:57:16 - PHP Notice:  Undefined index: VND in E:\Xampp\htdocs\ec\system\library\cart\currency.php on line 25
2016-05-26 3:57:16 - PHP Notice:  Undefined index: VND in E:\Xampp\htdocs\ec\system\library\cart\currency.php on line 26
2016-05-26 3:57:16 - PHP Notice:  Undefined index: VND in E:\Xampp\htdocs\ec\system\library\cart\currency.php on line 27
2016-05-26 3:57:16 - PHP Notice:  Undefined index: VND in E:\Xampp\htdocs\ec\system\library\cart\currency.php on line 30
2016-05-26 3:57:16 - PHP Notice:  Undefined index: VND in E:\Xampp\htdocs\ec\system\library\cart\currency.php on line 25
2016-05-26 3:57:16 - PHP Notice:  Undefined index: VND in E:\Xampp\htdocs\ec\system\library\cart\currency.php on line 26
2016-05-26 3:57:16 - PHP Notice:  Undefined index: VND in E:\Xampp\htdocs\ec\system\library\cart\currency.php on line 27
2016-05-26 3:57:16 - PHP Notice:  Undefined index: VND in E:\Xampp\htdocs\ec\system\library\cart\currency.php on line 30
2016-05-26 3:57:16 - PHP Notice:  Undefined index: VND in E:\Xampp\htdocs\ec\system\library\cart\currency.php on line 25
2016-05-26 3:57:16 - PHP Notice:  Undefined index: VND in E:\Xampp\htdocs\ec\system\library\cart\currency.php on line 26
2016-05-26 3:57:16 - PHP Notice:  Undefined index: VND in E:\Xampp\htdocs\ec\system\library\cart\currency.php on line 27
2016-05-26 3:57:16 - PHP Notice:  Undefined index: VND in E:\Xampp\htdocs\ec\system\library\cart\currency.php on line 30
2016-05-26 3:57:16 - PHP Notice:  Undefined index: VND in E:\Xampp\htdocs\ec\system\library\cart\currency.php on line 25
2016-05-26 3:57:16 - PHP Notice:  Undefined index: VND in E:\Xampp\htdocs\ec\system\library\cart\currency.php on line 26
2016-05-26 3:57:16 - PHP Notice:  Undefined index: VND in E:\Xampp\htdocs\ec\system\library\cart\currency.php on line 27
2016-05-26 3:57:16 - PHP Notice:  Undefined index: VND in E:\Xampp\htdocs\ec\system\library\cart\currency.php on line 30
2016-05-26 3:57:16 - PHP Notice:  Undefined index: VND in E:\Xampp\htdocs\ec\system\library\cart\currency.php on line 25
2016-05-26 3:57:16 - PHP Notice:  Undefined index: VND in E:\Xampp\htdocs\ec\system\library\cart\currency.php on line 26
2016-05-26 3:57:16 - PHP Notice:  Undefined index: VND in E:\Xampp\htdocs\ec\system\library\cart\currency.php on line 27
2016-05-26 3:57:16 - PHP Notice:  Undefined index: VND in E:\Xampp\htdocs\ec\system\library\cart\currency.php on line 30
2016-05-26 3:57:16 - PHP Notice:  Undefined index: VND in E:\Xampp\htdocs\ec\system\library\cart\currency.php on line 25
2016-05-26 3:57:16 - PHP Notice:  Undefined index: VND in E:\Xampp\htdocs\ec\system\library\cart\currency.php on line 26
2016-05-26 3:57:16 - PHP Notice:  Undefined index: VND in E:\Xampp\htdocs\ec\system\library\cart\currency.php on line 27
2016-05-26 3:57:16 - PHP Notice:  Undefined index: VND in E:\Xampp\htdocs\ec\system\library\cart\currency.php on line 30
2016-05-26 3:57:16 - PHP Notice:  Undefined index: VND in E:\Xampp\htdocs\ec\system\library\cart\currency.php on line 25
2016-05-26 3:57:16 - PHP Notice:  Undefined index: VND in E:\Xampp\htdocs\ec\system\library\cart\currency.php on line 26
2016-05-26 3:57:16 - PHP Notice:  Undefined index: VND in E:\Xampp\htdocs\ec\system\library\cart\currency.php on line 27
2016-05-26 3:57:16 - PHP Notice:  Undefined index: VND in E:\Xampp\htdocs\ec\system\library\cart\currency.php on line 30
2016-05-26 3:57:16 - PHP Notice:  Undefined index: VND in E:\Xampp\htdocs\ec\system\library\cart\currency.php on line 25
2016-05-26 3:57:16 - PHP Notice:  Undefined index: VND in E:\Xampp\htdocs\ec\system\library\cart\currency.php on line 26
2016-05-26 3:57:16 - PHP Notice:  Undefined index: VND in E:\Xampp\htdocs\ec\system\library\cart\currency.php on line 27
2016-05-26 3:57:16 - PHP Notice:  Undefined index: VND in E:\Xampp\htdocs\ec\system\library\cart\currency.php on line 30
2016-05-26 3:57:16 - PHP Notice:  Undefined index: VND in E:\Xampp\htdocs\ec\system\library\cart\currency.php on line 25
2016-05-26 3:57:16 - PHP Notice:  Undefined index: VND in E:\Xampp\htdocs\ec\system\library\cart\currency.php on line 26
2016-05-26 3:57:16 - PHP Notice:  Undefined index: VND in E:\Xampp\htdocs\ec\system\library\cart\currency.php on line 27
2016-05-26 3:57:16 - PHP Notice:  Undefined index: VND in E:\Xampp\htdocs\ec\system\library\cart\currency.php on line 30
2016-05-26 3:57:16 - PHP Notice:  Undefined index: VND in E:\Xampp\htdocs\ec\system\library\cart\currency.php on line 25
2016-05-26 3:57:16 - PHP Notice:  Undefined index: VND in E:\Xampp\htdocs\ec\system\library\cart\currency.php on line 26
2016-05-26 3:57:16 - PHP Notice:  Undefined index: VND in E:\Xampp\htdocs\ec\system\library\cart\currency.php on line 27
2016-05-26 3:57:16 - PHP Notice:  Undefined index: VND in E:\Xampp\htdocs\ec\system\library\cart\currency.php on line 30
2016-05-26 3:58:51 - PHP Notice:  Undefined index: VND in E:\Xampp\htdocs\ec\system\library\cart\currency.php on line 25
2016-05-26 3:58:51 - PHP Notice:  Undefined index: VND in E:\Xampp\htdocs\ec\system\library\cart\currency.php on line 26
2016-05-26 3:58:51 - PHP Notice:  Undefined index: VND in E:\Xampp\htdocs\ec\system\library\cart\currency.php on line 27
2016-05-26 3:58:51 - PHP Notice:  Undefined index: VND in E:\Xampp\htdocs\ec\system\library\cart\currency.php on line 30
2016-05-26 3:58:51 - PHP Notice:  Undefined index: VND in E:\Xampp\htdocs\ec\system\library\cart\currency.php on line 25
2016-05-26 3:58:51 - PHP Notice:  Undefined index: VND in E:\Xampp\htdocs\ec\system\library\cart\currency.php on line 26
2016-05-26 3:58:51 - PHP Notice:  Undefined index: VND in E:\Xampp\htdocs\ec\system\library\cart\currency.php on line 27
2016-05-26 3:58:51 - PHP Notice:  Undefined index: VND in E:\Xampp\htdocs\ec\system\library\cart\currency.php on line 30
2016-05-26 3:58:51 - PHP Notice:  Undefined index: VND in E:\Xampp\htdocs\ec\system\library\cart\currency.php on line 25
2016-05-26 3:58:51 - PHP Notice:  Undefined index: VND in E:\Xampp\htdocs\ec\system\library\cart\currency.php on line 26
2016-05-26 3:58:51 - PHP Notice:  Undefined index: VND in E:\Xampp\htdocs\ec\system\library\cart\currency.php on line 27
2016-05-26 3:58:51 - PHP Notice:  Undefined index: VND in E:\Xampp\htdocs\ec\system\library\cart\currency.php on line 30
2016-05-26 3:58:51 - PHP Notice:  Undefined index: VND in E:\Xampp\htdocs\ec\system\library\cart\currency.php on line 25
2016-05-26 3:58:51 - PHP Notice:  Undefined index: VND in E:\Xampp\htdocs\ec\system\library\cart\currency.php on line 26
2016-05-26 3:58:51 - PHP Notice:  Undefined index: VND in E:\Xampp\htdocs\ec\system\library\cart\currency.php on line 27
2016-05-26 3:58:51 - PHP Notice:  Undefined index: VND in E:\Xampp\htdocs\ec\system\library\cart\currency.php on line 30
2016-05-26 3:58:51 - PHP Notice:  Undefined index: VND in E:\Xampp\htdocs\ec\system\library\cart\currency.php on line 25
2016-05-26 3:58:51 - PHP Notice:  Undefined index: VND in E:\Xampp\htdocs\ec\system\library\cart\currency.php on line 26
2016-05-26 3:58:51 - PHP Notice:  Undefined index: VND in E:\Xampp\htdocs\ec\system\library\cart\currency.php on line 27
2016-05-26 3:58:51 - PHP Notice:  Undefined index: VND in E:\Xampp\htdocs\ec\system\library\cart\currency.php on line 30
2016-05-26 3:58:51 - PHP Notice:  Undefined index: VND in E:\Xampp\htdocs\ec\system\library\cart\currency.php on line 25
2016-05-26 3:58:51 - PHP Notice:  Undefined index: VND in E:\Xampp\htdocs\ec\system\library\cart\currency.php on line 26
2016-05-26 3:58:51 - PHP Notice:  Undefined index: VND in E:\Xampp\htdocs\ec\system\library\cart\currency.php on line 27
2016-05-26 3:58:51 - PHP Notice:  Undefined index: VND in E:\Xampp\htdocs\ec\system\library\cart\currency.php on line 30
2016-05-26 3:58:51 - PHP Notice:  Undefined index: VND in E:\Xampp\htdocs\ec\system\library\cart\currency.php on line 25
2016-05-26 3:58:51 - PHP Notice:  Undefined index: VND in E:\Xampp\htdocs\ec\system\library\cart\currency.php on line 26
2016-05-26 3:58:51 - PHP Notice:  Undefined index: VND in E:\Xampp\htdocs\ec\system\library\cart\currency.php on line 27
2016-05-26 3:58:51 - PHP Notice:  Undefined index: VND in E:\Xampp\htdocs\ec\system\library\cart\currency.php on line 30
2016-05-26 3:58:51 - PHP Notice:  Undefined index: VND in E:\Xampp\htdocs\ec\system\library\cart\currency.php on line 25
2016-05-26 3:58:51 - PHP Notice:  Undefined index: VND in E:\Xampp\htdocs\ec\system\library\cart\currency.php on line 26
2016-05-26 3:58:51 - PHP Notice:  Undefined index: VND in E:\Xampp\htdocs\ec\system\library\cart\currency.php on line 27
2016-05-26 3:58:51 - PHP Notice:  Undefined index: VND in E:\Xampp\htdocs\ec\system\library\cart\currency.php on line 30
2016-05-26 3:58:51 - PHP Notice:  Undefined index: VND in E:\Xampp\htdocs\ec\system\library\cart\currency.php on line 25
2016-05-26 3:58:51 - PHP Notice:  Undefined index: VND in E:\Xampp\htdocs\ec\system\library\cart\currency.php on line 26
2016-05-26 3:58:51 - PHP Notice:  Undefined index: VND in E:\Xampp\htdocs\ec\system\library\cart\currency.php on line 27
2016-05-26 3:58:51 - PHP Notice:  Undefined index: VND in E:\Xampp\htdocs\ec\system\library\cart\currency.php on line 30
2016-05-26 3:58:51 - PHP Notice:  Undefined index: VND in E:\Xampp\htdocs\ec\system\library\cart\currency.php on line 25
2016-05-26 3:58:51 - PHP Notice:  Undefined index: VND in E:\Xampp\htdocs\ec\system\library\cart\currency.php on line 26
2016-05-26 3:58:51 - PHP Notice:  Undefined index: VND in E:\Xampp\htdocs\ec\system\library\cart\currency.php on line 27
2016-05-26 3:58:51 - PHP Notice:  Undefined index: VND in E:\Xampp\htdocs\ec\system\library\cart\currency.php on line 30
2016-05-26 3:58:51 - PHP Notice:  Undefined index: VND in E:\Xampp\htdocs\ec\system\library\cart\currency.php on line 25
2016-05-26 3:58:51 - PHP Notice:  Undefined index: VND in E:\Xampp\htdocs\ec\system\library\cart\currency.php on line 26
2016-05-26 3:58:51 - PHP Notice:  Undefined index: VND in E:\Xampp\htdocs\ec\system\library\cart\currency.php on line 27
2016-05-26 3:58:51 - PHP Notice:  Undefined index: VND in E:\Xampp\htdocs\ec\system\library\cart\currency.php on line 30
2016-05-26 3:58:51 - PHP Notice:  Undefined index: VND in E:\Xampp\htdocs\ec\system\library\cart\currency.php on line 25
2016-05-26 3:58:51 - PHP Notice:  Undefined index: VND in E:\Xampp\htdocs\ec\system\library\cart\currency.php on line 26
2016-05-26 3:58:51 - PHP Notice:  Undefined index: VND in E:\Xampp\htdocs\ec\system\library\cart\currency.php on line 27
2016-05-26 3:58:51 - PHP Notice:  Undefined index: VND in E:\Xampp\htdocs\ec\system\library\cart\currency.php on line 30
2016-05-26 3:58:51 - PHP Notice:  Undefined index: VND in E:\Xampp\htdocs\ec\system\library\cart\currency.php on line 25
2016-05-26 3:58:51 - PHP Notice:  Undefined index: VND in E:\Xampp\htdocs\ec\system\library\cart\currency.php on line 26
2016-05-26 3:58:51 - PHP Notice:  Undefined index: VND in E:\Xampp\htdocs\ec\system\library\cart\currency.php on line 27
2016-05-26 3:58:51 - PHP Notice:  Undefined index: VND in E:\Xampp\htdocs\ec\system\library\cart\currency.php on line 30
2016-05-26 4:03:11 - PHP Notice:  Undefined index: VND in E:\Xampp\htdocs\ec\system\library\cart\currency.php on line 25
2016-05-26 4:03:11 - PHP Notice:  Undefined index: VND in E:\Xampp\htdocs\ec\system\library\cart\currency.php on line 26
2016-05-26 4:03:11 - PHP Notice:  Undefined index: VND in E:\Xampp\htdocs\ec\system\library\cart\currency.php on line 27
2016-05-26 4:03:11 - PHP Notice:  Undefined index: VND in E:\Xampp\htdocs\ec\system\library\cart\currency.php on line 30
2016-05-26 4:03:11 - PHP Notice:  Undefined index: VND in E:\Xampp\htdocs\ec\system\library\cart\currency.php on line 25
2016-05-26 4:03:11 - PHP Notice:  Undefined index: VND in E:\Xampp\htdocs\ec\system\library\cart\currency.php on line 26
2016-05-26 4:03:11 - PHP Notice:  Undefined index: VND in E:\Xampp\htdocs\ec\system\library\cart\currency.php on line 27
2016-05-26 4:03:11 - PHP Notice:  Undefined index: VND in E:\Xampp\htdocs\ec\system\library\cart\currency.php on line 30
2016-05-26 4:03:11 - PHP Notice:  Undefined index: VND in E:\Xampp\htdocs\ec\system\library\cart\currency.php on line 25
2016-05-26 4:03:11 - PHP Notice:  Undefined index: VND in E:\Xampp\htdocs\ec\system\library\cart\currency.php on line 26
2016-05-26 4:03:11 - PHP Notice:  Undefined index: VND in E:\Xampp\htdocs\ec\system\library\cart\currency.php on line 27
2016-05-26 4:03:11 - PHP Notice:  Undefined index: VND in E:\Xampp\htdocs\ec\system\library\cart\currency.php on line 30
2016-05-26 4:03:11 - PHP Notice:  Undefined index: VND in E:\Xampp\htdocs\ec\system\library\cart\currency.php on line 25
2016-05-26 4:03:11 - PHP Notice:  Undefined index: VND in E:\Xampp\htdocs\ec\system\library\cart\currency.php on line 26
2016-05-26 4:03:11 - PHP Notice:  Undefined index: VND in E:\Xampp\htdocs\ec\system\library\cart\currency.php on line 27
2016-05-26 4:03:11 - PHP Notice:  Undefined index: VND in E:\Xampp\htdocs\ec\system\library\cart\currency.php on line 30
2016-05-26 4:03:11 - PHP Notice:  Undefined index: VND in E:\Xampp\htdocs\ec\system\library\cart\currency.php on line 25
2016-05-26 4:03:11 - PHP Notice:  Undefined index: VND in E:\Xampp\htdocs\ec\system\library\cart\currency.php on line 26
2016-05-26 4:03:11 - PHP Notice:  Undefined index: VND in E:\Xampp\htdocs\ec\system\library\cart\currency.php on line 27
2016-05-26 4:03:11 - PHP Notice:  Undefined index: VND in E:\Xampp\htdocs\ec\system\library\cart\currency.php on line 30
2016-05-26 4:03:11 - PHP Notice:  Undefined index: VND in E:\Xampp\htdocs\ec\system\library\cart\currency.php on line 25
2016-05-26 4:03:11 - PHP Notice:  Undefined index: VND in E:\Xampp\htdocs\ec\system\library\cart\currency.php on line 26
2016-05-26 4:03:11 - PHP Notice:  Undefined index: VND in E:\Xampp\htdocs\ec\system\library\cart\currency.php on line 27
2016-05-26 4:03:11 - PHP Notice:  Undefined index: VND in E:\Xampp\htdocs\ec\system\library\cart\currency.php on line 30
2016-05-26 4:03:11 - PHP Notice:  Undefined index: VND in E:\Xampp\htdocs\ec\system\library\cart\currency.php on line 25
2016-05-26 4:03:11 - PHP Notice:  Undefined index: VND in E:\Xampp\htdocs\ec\system\library\cart\currency.php on line 26
2016-05-26 4:03:11 - PHP Notice:  Undefined index: VND in E:\Xampp\htdocs\ec\system\library\cart\currency.php on line 27
2016-05-26 4:03:11 - PHP Notice:  Undefined index: VND in E:\Xampp\htdocs\ec\system\library\cart\currency.php on line 30
2016-05-26 4:03:11 - PHP Notice:  Undefined index: VND in E:\Xampp\htdocs\ec\system\library\cart\currency.php on line 25
2016-05-26 4:03:11 - PHP Notice:  Undefined index: VND in E:\Xampp\htdocs\ec\system\library\cart\currency.php on line 26
2016-05-26 4:03:11 - PHP Notice:  Undefined index: VND in E:\Xampp\htdocs\ec\system\library\cart\currency.php on line 27
2016-05-26 4:03:11 - PHP Notice:  Undefined index: VND in E:\Xampp\htdocs\ec\system\library\cart\currency.php on line 30
2016-05-26 4:03:11 - PHP Notice:  Undefined index: VND in E:\Xampp\htdocs\ec\system\library\cart\currency.php on line 25
2016-05-26 4:03:11 - PHP Notice:  Undefined index: VND in E:\Xampp\htdocs\ec\system\library\cart\currency.php on line 26
2016-05-26 4:03:11 - PHP Notice:  Undefined index: VND in E:\Xampp\htdocs\ec\system\library\cart\currency.php on line 27
2016-05-26 4:03:11 - PHP Notice:  Undefined index: VND in E:\Xampp\htdocs\ec\system\library\cart\currency.php on line 30
2016-05-26 4:03:11 - PHP Notice:  Undefined index: VND in E:\Xampp\htdocs\ec\system\library\cart\currency.php on line 25
2016-05-26 4:03:11 - PHP Notice:  Undefined index: VND in E:\Xampp\htdocs\ec\system\library\cart\currency.php on line 26
2016-05-26 4:03:11 - PHP Notice:  Undefined index: VND in E:\Xampp\htdocs\ec\system\library\cart\currency.php on line 27
2016-05-26 4:03:11 - PHP Notice:  Undefined index: VND in E:\Xampp\htdocs\ec\system\library\cart\currency.php on line 30
2016-05-26 4:03:11 - PHP Notice:  Undefined index: VND in E:\Xampp\htdocs\ec\system\library\cart\currency.php on line 25
2016-05-26 4:03:11 - PHP Notice:  Undefined index: VND in E:\Xampp\htdocs\ec\system\library\cart\currency.php on line 26
2016-05-26 4:03:11 - PHP Notice:  Undefined index: VND in E:\Xampp\htdocs\ec\system\library\cart\currency.php on line 27
2016-05-26 4:03:11 - PHP Notice:  Undefined index: VND in E:\Xampp\htdocs\ec\system\library\cart\currency.php on line 30
2016-05-26 4:03:11 - PHP Notice:  Undefined index: VND in E:\Xampp\htdocs\ec\system\library\cart\currency.php on line 25
2016-05-26 4:03:11 - PHP Notice:  Undefined index: VND in E:\Xampp\htdocs\ec\system\library\cart\currency.php on line 26
2016-05-26 4:03:11 - PHP Notice:  Undefined index: VND in E:\Xampp\htdocs\ec\system\library\cart\currency.php on line 27
2016-05-26 4:03:11 - PHP Notice:  Undefined index: VND in E:\Xampp\htdocs\ec\system\library\cart\currency.php on line 30
2016-05-26 4:03:11 - PHP Notice:  Undefined index: VND in E:\Xampp\htdocs\ec\system\library\cart\currency.php on line 25
2016-05-26 4:03:11 - PHP Notice:  Undefined index: VND in E:\Xampp\htdocs\ec\system\library\cart\currency.php on line 26
2016-05-26 4:03:11 - PHP Notice:  Undefined index: VND in E:\Xampp\htdocs\ec\system\library\cart\currency.php on line 27
2016-05-26 4:03:11 - PHP Notice:  Undefined index: VND in E:\Xampp\htdocs\ec\system\library\cart\currency.php on line 30
2016-05-26 4:03:14 - PHP Notice:  Undefined index: VND in E:\Xampp\htdocs\ec\system\library\cart\currency.php on line 25
2016-05-26 4:03:14 - PHP Notice:  Undefined index: VND in E:\Xampp\htdocs\ec\system\library\cart\currency.php on line 26
2016-05-26 4:03:14 - PHP Notice:  Undefined index: VND in E:\Xampp\htdocs\ec\system\library\cart\currency.php on line 27
2016-05-26 4:03:14 - PHP Notice:  Undefined index: VND in E:\Xampp\htdocs\ec\system\library\cart\currency.php on line 30
2016-05-26 4:03:14 - PHP Notice:  Undefined index: VND in E:\Xampp\htdocs\ec\system\library\cart\currency.php on line 25
2016-05-26 4:03:14 - PHP Notice:  Undefined index: VND in E:\Xampp\htdocs\ec\system\library\cart\currency.php on line 26
2016-05-26 4:03:14 - PHP Notice:  Undefined index: VND in E:\Xampp\htdocs\ec\system\library\cart\currency.php on line 27
2016-05-26 4:03:14 - PHP Notice:  Undefined index: VND in E:\Xampp\htdocs\ec\system\library\cart\currency.php on line 30
2016-05-26 4:03:14 - PHP Notice:  Undefined index: VND in E:\Xampp\htdocs\ec\system\library\cart\currency.php on line 25
2016-05-26 4:03:14 - PHP Notice:  Undefined index: VND in E:\Xampp\htdocs\ec\system\library\cart\currency.php on line 26
2016-05-26 4:03:14 - PHP Notice:  Undefined index: VND in E:\Xampp\htdocs\ec\system\library\cart\currency.php on line 27
2016-05-26 4:03:14 - PHP Notice:  Undefined index: VND in E:\Xampp\htdocs\ec\system\library\cart\currency.php on line 30
2016-05-26 4:03:14 - PHP Notice:  Undefined index: VND in E:\Xampp\htdocs\ec\system\library\cart\currency.php on line 25
2016-05-26 4:03:14 - PHP Notice:  Undefined index: VND in E:\Xampp\htdocs\ec\system\library\cart\currency.php on line 26
2016-05-26 4:03:14 - PHP Notice:  Undefined index: VND in E:\Xampp\htdocs\ec\system\library\cart\currency.php on line 27
2016-05-26 4:03:14 - PHP Notice:  Undefined index: VND in E:\Xampp\htdocs\ec\system\library\cart\currency.php on line 30
2016-05-26 4:03:14 - PHP Notice:  Undefined index: VND in E:\Xampp\htdocs\ec\system\library\cart\currency.php on line 25
2016-05-26 4:03:14 - PHP Notice:  Undefined index: VND in E:\Xampp\htdocs\ec\system\library\cart\currency.php on line 26
2016-05-26 4:03:14 - PHP Notice:  Undefined index: VND in E:\Xampp\htdocs\ec\system\library\cart\currency.php on line 27
2016-05-26 4:03:14 - PHP Notice:  Undefined index: VND in E:\Xampp\htdocs\ec\system\library\cart\currency.php on line 30
2016-05-26 4:03:14 - PHP Notice:  Undefined index: VND in E:\Xampp\htdocs\ec\system\library\cart\currency.php on line 25
2016-05-26 4:03:14 - PHP Notice:  Undefined index: VND in E:\Xampp\htdocs\ec\system\library\cart\currency.php on line 26
2016-05-26 4:03:14 - PHP Notice:  Undefined index: VND in E:\Xampp\htdocs\ec\system\library\cart\currency.php on line 27
2016-05-26 4:03:14 - PHP Notice:  Undefined index: VND in E:\Xampp\htdocs\ec\system\library\cart\currency.php on line 30
2016-05-26 4:03:14 - PHP Notice:  Undefined index: VND in E:\Xampp\htdocs\ec\system\library\cart\currency.php on line 25
2016-05-26 4:03:14 - PHP Notice:  Undefined index: VND in E:\Xampp\htdocs\ec\system\library\cart\currency.php on line 26
2016-05-26 4:03:14 - PHP Notice:  Undefined index: VND in E:\Xampp\htdocs\ec\system\library\cart\currency.php on line 27
2016-05-26 4:03:14 - PHP Notice:  Undefined index: VND in E:\Xampp\htdocs\ec\system\library\cart\currency.php on line 30
2016-05-26 4:03:14 - PHP Notice:  Undefined index: VND in E:\Xampp\htdocs\ec\system\library\cart\currency.php on line 25
2016-05-26 4:03:14 - PHP Notice:  Undefined index: VND in E:\Xampp\htdocs\ec\system\library\cart\currency.php on line 26
2016-05-26 4:03:14 - PHP Notice:  Undefined index: VND in E:\Xampp\htdocs\ec\system\library\cart\currency.php on line 27
2016-05-26 4:03:14 - PHP Notice:  Undefined index: VND in E:\Xampp\htdocs\ec\system\library\cart\currency.php on line 30
2016-05-26 4:03:14 - PHP Notice:  Undefined index: VND in E:\Xampp\htdocs\ec\system\library\cart\currency.php on line 25
2016-05-26 4:03:14 - PHP Notice:  Undefined index: VND in E:\Xampp\htdocs\ec\system\library\cart\currency.php on line 26
2016-05-26 4:03:14 - PHP Notice:  Undefined index: VND in E:\Xampp\htdocs\ec\system\library\cart\currency.php on line 27
2016-05-26 4:03:14 - PHP Notice:  Undefined index: VND in E:\Xampp\htdocs\ec\system\library\cart\currency.php on line 30
2016-05-26 4:03:14 - PHP Notice:  Undefined index: VND in E:\Xampp\htdocs\ec\system\library\cart\currency.php on line 25
2016-05-26 4:03:14 - PHP Notice:  Undefined index: VND in E:\Xampp\htdocs\ec\system\library\cart\currency.php on line 26
2016-05-26 4:03:14 - PHP Notice:  Undefined index: VND in E:\Xampp\htdocs\ec\system\library\cart\currency.php on line 27
2016-05-26 4:03:14 - PHP Notice:  Undefined index: VND in E:\Xampp\htdocs\ec\system\library\cart\currency.php on line 30
2016-05-26 4:03:14 - PHP Notice:  Undefined index: VND in E:\Xampp\htdocs\ec\system\library\cart\currency.php on line 25
2016-05-26 4:03:14 - PHP Notice:  Undefined index: VND in E:\Xampp\htdocs\ec\system\library\cart\currency.php on line 26
2016-05-26 4:03:14 - PHP Notice:  Undefined index: VND in E:\Xampp\htdocs\ec\system\library\cart\currency.php on line 27
2016-05-26 4:03:14 - PHP Notice:  Undefined index: VND in E:\Xampp\htdocs\ec\system\library\cart\currency.php on line 30
2016-05-26 4:03:14 - PHP Notice:  Undefined index: VND in E:\Xampp\htdocs\ec\system\library\cart\currency.php on line 25
2016-05-26 4:03:14 - PHP Notice:  Undefined index: VND in E:\Xampp\htdocs\ec\system\library\cart\currency.php on line 26
2016-05-26 4:03:14 - PHP Notice:  Undefined index: VND in E:\Xampp\htdocs\ec\system\library\cart\currency.php on line 27
2016-05-26 4:03:14 - PHP Notice:  Undefined index: VND in E:\Xampp\htdocs\ec\system\library\cart\currency.php on line 30
2016-05-26 4:03:14 - PHP Notice:  Undefined index: VND in E:\Xampp\htdocs\ec\system\library\cart\currency.php on line 25
2016-05-26 4:03:14 - PHP Notice:  Undefined index: VND in E:\Xampp\htdocs\ec\system\library\cart\currency.php on line 26
2016-05-26 4:03:14 - PHP Notice:  Undefined index: VND in E:\Xampp\htdocs\ec\system\library\cart\currency.php on line 27
2016-05-26 4:03:14 - PHP Notice:  Undefined index: VND in E:\Xampp\htdocs\ec\system\library\cart\currency.php on line 30
2016-05-26 5:00:16 - PHP Notice:  Undefined variable: copy in E:\Xampp\htdocs\ec\admin\view\template\catalog\product_list.tpl on line 6
2016-05-26 5:00:18 - PHP Notice:  Undefined variable: option_row in E:\Xampp\htdocs\ec\admin\view\template\catalog\product_form.tpl on line 740
2016-05-26 5:00:18 - PHP Notice:  Undefined variable: option_value_row in E:\Xampp\htdocs\ec\admin\view\template\catalog\product_form.tpl on line 881
2016-05-26 5:00:18 - PHP Notice:  Undefined variable: recurring_row in E:\Xampp\htdocs\ec\admin\view\template\catalog\product_form.tpl on line 986
2016-05-26 5:00:18 - PHP Notice:  Undefined variable: recurrings in E:\Xampp\htdocs\ec\admin\view\template\catalog\product_form.tpl on line 995
2016-05-26 5:00:18 - PHP Warning:  Invalid argument supplied for foreach() in E:\Xampp\htdocs\ec\admin\view\template\catalog\product_form.tpl on line 995
2016-05-26 5:00:45 - PHP Notice:  Undefined variable: copy in E:\Xampp\htdocs\ec\admin\view\template\catalog\product_list.tpl on line 6
2016-05-26 5:05:06 - PHP Notice:  Undefined variable: copy in E:\Xampp\htdocs\ec\admin\view\template\catalog\product_list.tpl on line 6
2016-05-26 5:05:12 - PHP Notice:  Undefined variable: option_row in E:\Xampp\htdocs\ec\admin\view\template\catalog\product_form.tpl on line 740
2016-05-26 5:05:12 - PHP Notice:  Undefined variable: option_value_row in E:\Xampp\htdocs\ec\admin\view\template\catalog\product_form.tpl on line 881
2016-05-26 5:05:12 - PHP Notice:  Undefined variable: recurring_row in E:\Xampp\htdocs\ec\admin\view\template\catalog\product_form.tpl on line 986
2016-05-26 5:05:12 - PHP Notice:  Undefined variable: recurrings in E:\Xampp\htdocs\ec\admin\view\template\catalog\product_form.tpl on line 995
2016-05-26 5:05:12 - PHP Warning:  Invalid argument supplied for foreach() in E:\Xampp\htdocs\ec\admin\view\template\catalog\product_form.tpl on line 995
2016-05-26 5:09:24 - PHP Notice:  Undefined variable: copy in E:\Xampp\htdocs\ec\admin\view\template\catalog\product_list.tpl on line 6
2016-05-26 5:09:26 - PHP Notice:  Undefined variable: option_row in E:\Xampp\htdocs\ec\admin\view\template\catalog\product_form.tpl on line 740
2016-05-26 5:09:26 - PHP Notice:  Undefined variable: option_value_row in E:\Xampp\htdocs\ec\admin\view\template\catalog\product_form.tpl on line 881
2016-05-26 5:09:26 - PHP Notice:  Undefined variable: recurring_row in E:\Xampp\htdocs\ec\admin\view\template\catalog\product_form.tpl on line 986
2016-05-26 5:09:26 - PHP Notice:  Undefined variable: recurrings in E:\Xampp\htdocs\ec\admin\view\template\catalog\product_form.tpl on line 995
2016-05-26 5:09:26 - PHP Warning:  Invalid argument supplied for foreach() in E:\Xampp\htdocs\ec\admin\view\template\catalog\product_form.tpl on line 995
